    1  Start SSH agent 'eval "$(ssh-agent-s)"
    2  end
    3  close
    4  /
    5  \
    6  ;
    7  ssh-keygen -t rsa -b 4096
    8  eval "$(ssh-agent -s)"
    9  $ ssh-add ~/.ssh/id_rsa
   10  ssh-add ~/.ssh/id_rsa
   11  eval "$(ssh-agent -s)"
   12  ssh-add ~/.ssh/id_rsa
   13   ssh-keygen -t rsa -b 4096
   14  eval "$(ssh-agent -s)"
   15  ssh-add ~/.ssh/id_rsa
   16  clip < ~/.ssh/id_rsa.pub
   17  cd C:\Users\ville\myrepo
   18  cd C:\Users\ville\myrepo
   19  cd /c/Users/ville/myrepo
   20  ls
   21  git init
   22  git branch
   23  git add .
   24  git commit -m "new file added"
   25  git add .
   26  git commit -m "New file added"
   27  git fetch
   28  git commit -m "New file added"
   29  git config --global user.email "t5pevi00@students.oamk.fi"
   30  git commit -m "New file added"
   31  git config -- global user.name "Ville Pelto"
   32   git config --global user.name "Your Name"
   33  git commit -m "New file added"
   34  git log
   35  git remote add origin https://github.com/villepelto/villepelto.git
   36  git remote -v
   37  git push origin master
   38  history
   39  history >myloki.log
